<?xml version="1.0" encoding="UTF-8"?>
<!-- Generated by org.testng.reporters.JUnitXMLReporter -->
<testsuite ignored="0" hostname="LAPTOP-0D8IOM0L" failures="1" tests="2" name="Test" time="6.991" errors="0" timestamp="2026-07-06T23:05:01 IST">
  <testcase classname="testscript.BaseTest" name="tc01" time="6.847"/>
  <testcase classname="testscript.BaseTest" name="tc02" time="0.025">
    <failure type="java.lang.AssertionError" message="expected [Error: Please check your credentials. If you still can&amp;apos;t log in, contact your Salesforce administrator.] but found [Error: Please check your username and password. If you still can&amp;apos;t log in, contact your Salesforce administrator]">
      <![CDATA[java.lang.AssertionError: expected [Error: Please check your credentials. If you still can't log in, contact your Salesforce administrator.] but found [Error: Please check your username and password. If you still can't log in, contact your Salesforce administrator]
at testscript.BaseTest.tc02(BaseTest.java:27)
at java.base/java.util.ArrayList.forEach(ArrayList.java:1596)
... Removed 31 stack frames]]>
    </failure>
  </testcase> <!-- tc02 -->
</testsuite> <!-- Test -->
