<?xml version="1.0" encoding="UTF-8"?>
<testng-results ignored="0" total="2" passed="2" failed="0" skipped="0">
  <reporter-output>
  </reporter-output>
  <suite started-at="2026-07-16T22:51:45 IST" name="Default suite" finished-at="2026-07-16T22:52:06 IST" duration-ms="21134">
    <groups>
    </groups>
    <test started-at="2026-07-16T22:51:45 IST" name="Default test" finished-at="2026-07-16T22:52:06 IST" duration-ms="21134">
      <class name="testscript.BaseTest">
        <test-method signature="tc01(java.lang.String,java.lang.String)[pri:0, instance:testscript.BaseTest@36ebc363]" started-at="2026-07-16T22:51:46 IST" name="tc01" data-provider="getExcelData" finished-at="2026-07-16T22:51:56 IST" duration-ms="9876" status="PASS">
          <params>
            <param index="0">
              <value>
                <![CDATA[kanchan@gmail.com]]>
              </value>
            </param>
            <param index="1">
              <value>
                <![CDATA[Admin@123]]>
              </value>
            </param>
          </params>
          <reporter-output>
          </reporter-output>
        </test-method> <!-- tc01 -->
        <test-method signature="tc01(java.lang.String,java.lang.String)[pri:0, instance:testscript.BaseTest@36ebc363]" started-at="2026-07-16T22:51:56 IST" name="tc01" data-provider="getExcelData" finished-at="2026-07-16T22:52:06 IST" duration-ms="9372" status="PASS">
          <params>
            <param index="0">
              <value>
                <![CDATA[aditya@gmail.com]]>
              </value>
            </param>
            <param index="1">
              <value>
                <![CDATA[Admin@1235]]>
              </value>
            </param>
          </params>
          <reporter-output>
          </reporter-output>
        </test-method> <!-- tc01 -->
      </class> <!-- testscript.BaseTest -->
    </test> <!-- Default test -->
  </suite> <!-- Default suite -->
</testng-results>
