<?xml version="1.0" encoding="UTF-8"?>
<testng-results ignored="0" total="1" passed="1" failed="0" skipped="0">
  <reporter-output>
  </reporter-output>
  <suite started-at="2026-07-02T23:02:19 IST" name="Default suite" finished-at="2026-07-02T23:02:29 IST" duration-ms="9492">
    <groups>
    </groups>
    <test started-at="2026-07-02T23:02:19 IST" name="Default test" finished-at="2026-07-02T23:02:29 IST" duration-ms="9492">
      <class name="testscript.BaseTest">
        <test-method signature="tc01()[pri:0, instance:testscript.BaseTest@4218d6a3]" started-at="2026-07-02T23:02:19 IST" name="tc01" finished-at="2026-07-02T23:02:29 IST" duration-ms="9385" status="PASS">
          <reporter-output>
          </reporter-output>
        </test-method> <!-- tc01 -->
      </class> <!-- testscript.BaseTest -->
    </test> <!-- Default test -->
  </suite> <!-- Default suite -->
</testng-results>
