<?xml version="1.0" encoding="UTF-8"?>
<!-- Generated by org.testng.reporters.JUnitReportReporter -->
<testsuite hostname="LAPTOP-0D8IOM0L" failures="0" tests="2" name="bddCucumberFeature.TestNGTestRunner" time="16.853" errors="0" timestamp="2026-07-22T23:33:46 IST" skipped="0">
  <testcase classname="bddCucumberFeature.TestNGTestRunner" name="runScenario" time="9.541"/>
  <testcase classname="bddCucumberFeature.TestNGTestRunner" name="runScenario" time="7.312"/>
</testsuite> <!-- bddCucumberFeature.TestNGTestRunner -->
